--2019-12-11 12:58:22--  https://www.deskchan.info/
Распознаётся www.deskchan.info (www.deskchan.info)… 104.18.62.182, 104.18.63.182, 2606:4700:30::6812:3fb6, ...
Подключение к www.deskchan.info (www.deskchan.info)|104.18.62.182|:443... соединение установлено.
HTTP-запрос отправлен. Ожидание ответа… 200 OK
Длина: нет данных [text/html]
Сохранение в: «www.deskchan.info/index.html»

     0K .......... .......... ...                              1,54M=0,01s

2019-12-11 12:58:23 (1,54 MB/s) - «www.deskchan.info/index.html» сохранён [23675]

Загрузка robots.txt; не обращайте внимания на ошибки.
--2019-12-11 12:58:23--  https://www.deskchan.info/robots.txt
Повторное использование соединения с www.deskchan.info:443.
HTTP-запрос отправлен. Ожидание ответа… 404 Not Found
2019-12-11 12:58:23 ОШИБКА 404: Not Found.

--2019-12-11 12:58:23--  https://www.deskchan.info/layout/styles/layout.css
Повторное использование соединения с www.deskchan.info:443.
HTTP-запрос отправлен. Ожидание ответа… 200 OK
Длина: нет данных [text/css]
Сохранение в: «www.deskchan.info/layout/styles/layout.css»

     0K .......... .......... ..                               1,07M=0,02s

2019-12-11 12:58:23 (1,07 MB/s) - «www.deskchan.info/layout/styles/layout.css» сохранён [22751]

--2019-12-11 12:58:23--  https://www.deskchan.info/script.js
Повторное использование соединения с www.deskchan.info:443.
HTTP-запрос отправлен. Ожидание ответа… 200 OK
Длина: 5294 (5,2K) [application/javascript]
Сохранение в: «www.deskchan.info/script.js»

     0K .....                                                 100% 4,34M=0,001s

2019-12-11 12:58:23 (4,34 MB/s) - «www.deskchan.info/script.js» сохранён [5294/5294]

--2019-12-11 12:58:23--  https://www.deskchan.info/images/backgrounds/01.png
Повторное использование соединения с www.deskchan.info:443.
HTTP-запрос отправлен. Ожидание ответа… 200 OK
Длина: нет данных [image/png]
Сохранение в: «www.deskchan.info/images/backgrounds/01.png»

     0K .......... .......... .......... .......... .......... 1,06M
    50K .......... .......... .......... .......... ..........  532K
   100K .......... .......... .......... .......... .......... 1,05M
   150K .......... .......... .......... .......... .......... 1,05M
   200K .......... .......... .......... .......... .......... 1,94M
   250K .......... .......... .......... .......... .......... 2,03M
   300K .......... .......... .......... .......... .......... 1,85M
   350K .......... .......... .......... .......... .......... 1,59M
   400K .......... .......... .......... .......... .......... 2,74M
   450K .......... .......... .......... .......... .......... 3,48M
   500K .......... .......... .......... .......... .......... 3,77M
   550K .......... .......... .......... .......... .......... 3,85M
   600K .......... .......... .......... .......... .......... 4,12M
   650K .......... .......... .......... .......... .......... 4,57M
   700K .......... ...                                         5,03M=0,4s

2019-12-11 12:58:24 (1,65 MB/s) - «www.deskchan.info/images/backgrounds/01.png» сохранён [730225]

--2019-12-11 12:58:24--  https://www.deskchan.info/index.html
Повторное использование соединения с www.deskchan.info:443.
HTTP-запрос отправлен. Ожидание ответа… 200 OK
Длина: нет данных [text/html]
Сохранение в: «www.deskchan.info/index.html»

     0K .......... .......... ...                              45,7M=0s

2019-12-11 12:58:24 (45,7 MB/s) - «www.deskchan.info/index.html» сохранён [23675]

--2019-12-11 12:58:24--  https://www.deskchan.info/images/tyan.png
Повторное использование соединения с www.deskchan.info:443.
HTTP-запрос отправлен. Ожидание ответа… 200 OK
Длина: нет данных [image/png]
Сохранение в: «www.deskchan.info/images/tyan.png»

     0K .......... .......... .......... .......... .......... 8,91M
    50K .......... .......... .......... .......... .......... 11,2M
   100K .......... .......... .......... .......... .......... 9,04M
   150K .......... .......... .......... ......                9,02M=0,02s

2019-12-11 12:58:24 (9,49 MB/s) - «www.deskchan.info/images/tyan.png» сохранён [191044]

--2019-12-11 12:58:24--  https://www.deskchan.info/images/code.jpg
Повторное использование соединения с www.deskchan.info:443.
HTTP-запрос отправлен. Ожидание ответа… 200 OK
Длина: нет данных [image/jpeg]
Сохранение в: «www.deskchan.info/images/code.jpg»

     0K .......... .......... .......... .......... .......... 9,44M
    50K .......                                                 571M=0,005s

2019-12-11 12:58:25 (10,9 MB/s) - «www.deskchan.info/images/code.jpg» сохранён [59080]

--2019-12-11 12:58:25--  https://www.deskchan.info/images/draw.jpg
Повторное использование соединения с www.deskchan.info:443.
HTTP-запрос отправлен. Ожидание ответа… 200 OK
Длина: нет данных [image/jpeg]
Сохранение в: «www.deskchan.info/images/draw.jpg»

     0K .......... .......... .......... .......... .......... 9,71M
    50K .......... .......... .......... ...                   14,4M=0,007s

2019-12-11 12:58:25 (11,2 MB/s) - «www.deskchan.info/images/draw.jpg» сохранён [85694]

--2019-12-11 12:58:25--  https://www.deskchan.info/images/scenario.jpg
Повторное использование соединения с www.deskchan.info:443.
HTTP-запрос отправлен. Ожидание ответа… 200 OK
Длина: нет данных [image/jpeg]
Сохранение в: «www.deskchan.info/images/scenario.jpg»

     0K .......... .......... .......... .......... .......... 9,53M
    50K .......... ..........                                  25,3M=0,006s

2019-12-11 12:58:25 (11,7 MB/s) - «www.deskchan.info/images/scenario.jpg» сохранён [72290]

--2019-12-11 12:58:25--  https://www.deskchan.info/images/vk-logo.png
Повторное использование соединения с www.deskchan.info:443.
HTTP-запрос отправлен. Ожидание ответа… 200 OK
Длина: нет данных [image/png]
Сохранение в: «www.deskchan.info/images/vk-logo.png»

     0K ..........                                             62,0M=0s

2019-12-11 12:58:25 (62,0 MB/s) - «www.deskchan.info/images/vk-logo.png» сохранён [10327]

--2019-12-11 12:58:25--  https://www.deskchan.info/cdn-cgi/l/email-protection
Повторное использование соединения с www.deskchan.info:443.
HTTP-запрос отправлен. Ожидание ответа… 200 OK
Длина: нет данных [text/html]
Сохранение в: «www.deskchan.info/cdn-cgi/l/email-protection»

     0K ...                                                     338M=0s

2019-12-11 12:58:25 (338 MB/s) - «www.deskchan.info/cdn-cgi/l/email-protection» сохранён [3906]

--2019-12-11 12:58:25--  https://www.deskchan.info/mail.png
Повторное использование соединения с www.deskchan.info:443.
HTTP-запрос отправлен. Ожидание ответа… 200 OK
Длина: 1115 (1,1K) [image/png]
Сохранение в: «www.deskchan.info/mail.png»

     0K .                                                     100%  114M=0s

2019-12-11 12:58:25 (114 MB/s) - «www.deskchan.info/mail.png» сохранён [1115/1115]

--2019-12-11 12:58:25--  https://www.deskchan.info/0chan.png
Повторное использование соединения с www.deskchan.info:443.
HTTP-запрос отправлен. Ожидание ответа… 200 OK
Длина: 1198 (1,2K) [image/png]
Сохранение в: «www.deskchan.info/0chan.png»

     0K .                                                     100%  127M=0s

2019-12-11 12:58:26 (127 MB/s) - «www.deskchan.info/0chan.png» сохранён [1198/1198]

--2019-12-11 12:58:26--  https://www.deskchan.info/tulpa.png
Повторное использование соединения с www.deskchan.info:443.
HTTP-запрос отправлен. Ожидание ответа… 200 OK
Длина: 1165 (1,1K) [image/png]
Сохранение в: «www.deskchan.info/tulpa.png»

     0K .                                                     100%  197M=0s

2019-12-11 12:58:26 (197 MB/s) - «www.deskchan.info/tulpa.png» сохранён [1165/1165]

--2019-12-11 12:58:26--  https://www.deskchan.info/cdn-cgi/scripts/5c5dd728/cloudflare-static/email-decode.min.js
Повторное использование соединения с www.deskchan.info:443.
HTTP-запрос отправлен. Ожидание ответа… 200 OK
Длина: 1239 (1,2K) [application/javascript]
Сохранение в: «www.deskchan.info/cdn-cgi/scripts/5c5dd728/cloudflare-static/email-decode.min.js»

     0K .                                                     100%  111M=0s

2019-12-11 12:58:26 (111 MB/s) - «www.deskchan.info/cdn-cgi/scripts/5c5dd728/cloudflare-static/email-decode.min.js» сохранён [1239/1239]

--2019-12-11 12:58:26--  https://www.deskchan.info/layout/scripts/jquery.min.js
Повторное использование соединения с www.deskchan.info:443.
HTTP-запрос отправлен. Ожидание ответа… 200 OK
Длина: 85589 (84K) [application/javascript]
Сохранение в: «www.deskchan.info/layout/scripts/jquery.min.js»

     0K .......... .......... .......... .......... .......... 59% 9,62M 0s
    50K .......... .......... .......... ...                  100% 14,5M=0,007s

2019-12-11 12:58:26 (11,1 MB/s) - «www.deskchan.info/layout/scripts/jquery.min.js» сохранён [85589/85589]

--2019-12-11 12:58:26--  https://www.deskchan.info/layout/scripts/jquery.backtotop.js
Повторное использование соединения с www.deskchan.info:443.
HTTP-запрос отправлен. Ожидание ответа… 200 OK
Длина: 591 [application/javascript]
Сохранение в: «www.deskchan.info/layout/scripts/jquery.backtotop.js»

     0K                                                       100%  160M=0s

2019-12-11 12:58:26 (160 MB/s) - «www.deskchan.info/layout/scripts/jquery.backtotop.js» сохранён [591/591]

--2019-12-11 12:58:26--  https://www.deskchan.info/layout/scripts/jquery.mobilemenu.js
Повторное использование соединения с www.deskchan.info:443.
HTTP-запрос отправлен. Ожидание ответа… 200 OK
Длина: 1280 (1,2K) [application/javascript]
Сохранение в: «www.deskchan.info/layout/scripts/jquery.mobilemenu.js»

     0K .                                                     100%  147M=0s

2019-12-11 12:58:26 (147 MB/s) - «www.deskchan.info/layout/scripts/jquery.mobilemenu.js» сохранён [1280/1280]

--2019-12-11 12:58:26--  https://www.deskchan.info/layout/scripts/jquery.placeholder.min.js
Повторное использование соединения с www.deskchan.info:443.
HTTP-запрос отправлен. Ожидание ответа… 200 OK
Длина: 2702 (2,6K) [application/javascript]
Сохранение в: «www.deskchan.info/layout/scripts/jquery.placeholder.min.js»

     0K ..                                                    100%  748M=0s

2019-12-11 12:58:26 (748 MB/s) - «www.deskchan.info/layout/scripts/jquery.placeholder.min.js» сохранён [2702/2702]

--2019-12-11 12:58:26--  https://www.deskchan.info/layout/styles/fontawesome-4.5.0.min.css
Повторное использование соединения с www.deskchan.info:443.
HTTP-запрос отправлен. Ожидание ответа… 200 OK
Длина: нет данных [text/css]
Сохранение в: «www.deskchan.info/layout/styles/fontawesome-4.5.0.min.css»

     0K .......... .......... ......                           23,7M=0,001s

2019-12-11 12:58:27 (23,7 MB/s) - «www.deskchan.info/layout/styles/fontawesome-4.5.0.min.css» сохранён [27448]

--2019-12-11 12:58:27--  https://www.deskchan.info/layout/styles/framework.css
Повторное использование соединения с www.deskchan.info:443.
HTTP-запрос отправлен. Ожидание ответа… 200 OK
Длина: 4500 (4,4K) [text/css]
Сохранение в: «www.deskchan.info/layout/styles/framework.css»

     0K ....                                                  100%  796M=0s

2019-12-11 12:58:27 (796 MB/s) - «www.deskchan.info/layout/styles/framework.css» сохранён [4500/4500]

--2019-12-11 12:58:27--  https://www.deskchan.info/layout/styles/fonts/Lato-Bold.ttf
Повторное использование соединения с www.deskchan.info:443.
HTTP-запрос отправлен. Ожидание ответа… 200 OK
Длина: 600856 (587K) [application/octet-stream]
Сохранение в: «www.deskchan.info/layout/styles/fonts/Lato-Bold.ttf»

     0K .......... .......... .......... .......... ..........  8% 9,87M 0s
    50K .......... .......... .......... .......... .......... 17% 8,81M 0s
   100K .......... .......... .......... .......... .......... 25% 9,20M 0s
   150K .......... .......... .......... .......... .......... 34% 8,86M 0s
   200K .......... .......... .......... .......... .......... 42% 9,22M 0s
   250K .......... .......... .......... .......... .......... 51% 9,01M 0s
   300K .......... .......... .......... .......... .......... 59% 8,92M 0s
   350K .......... .......... .......... .......... .......... 68% 6,79M 0s
   400K .......... .......... .......... .......... .......... 76% 9,05M 0s
   450K .......... .......... .......... .......... .......... 85% 9,19M 0s
   500K .......... .......... .......... .......... .......... 93% 8,72M 0s
   550K .......... .......... .......... ......               100% 11,8M=0,06s

2019-12-11 12:58:27 (8,95 MB/s) - «www.deskchan.info/layout/styles/fonts/Lato-Bold.ttf» сохранён [600856/600856]

--2019-12-11 12:58:27--  https://www.deskchan.info/layout/styles/fonts/Lato-Light.ttf
Повторное использование соединения с www.deskchan.info:443.
HTTP-запрос отправлен. Ожидание ответа… 200 OK
Длина: 617492 (603K) [application/octet-stream]
Сохранение в: «www.deskchan.info/layout/styles/fonts/Lato-Light.ttf»

     0K .......... .......... .......... .......... ..........  8% 9,58M 0s
    50K .......... .......... .......... .......... .......... 16% 9,40M 0s
   100K .......... .......... .......... .......... .......... 24% 8,64M 0s
   150K .......... .......... .......... .......... .......... 33% 7,81M 0s
   200K .......... .......... .......... .......... .......... 41% 9,10M 0s
   250K .......... .......... .......... .......... .......... 49% 9,24M 0s
   300K .......... .......... .......... .......... .......... 58% 8,55M 0s
   350K .......... .......... .......... .......... .......... 66% 9,15M 0s
   400K .......... .......... .......... .......... .......... 74% 9,13M 0s
   450K .......... .......... .......... .......... .......... 82% 9,28M 0s
   500K .......... .......... .......... .......... .......... 91% 8,83M 0s
   550K .......... .......... .......... .......... .......... 99% 8,42M 0s
   600K ...                                                   100% 5759G=0,07s

2019-12-11 12:58:27 (8,95 MB/s) - «www.deskchan.info/layout/styles/fonts/Lato-Light.ttf» сохранён [617492/617492]

--2019-12-11 12:58:27--  https://www.deskchan.info/layout/styles/fonts/fontawesome-webfont.eot?v=4.5.0
Повторное использование соединения с www.deskchan.info:443.
HTTP-запрос отправлен. Ожидание ответа… 200 OK
Длина: 70807 (69K) [application/vnd.ms-fontobject]
Сохранение в: «www.deskchan.info/layout/styles/fonts/fontawesome-webfont.eot?v=4.5.0»

     0K .......... .......... .......... .......... .......... 72% 9,63M 0s
    50K .......... .........                                  100% 31,6M=0,006s

2019-12-11 12:58:28 (11,9 MB/s) - «www.deskchan.info/layout/styles/fonts/fontawesome-webfont.eot?v=4.5.0» сохранён [70807/70807]

--2019-12-11 12:58:28--  https://www.deskchan.info/layout/styles/fonts/fontawesome-webfont.eot?
Повторное использование соединения с www.deskchan.info:443.
HTTP-запрос отправлен. Ожидание ответа… 200 OK
Длина: 70807 (69K) [application/vnd.ms-fontobject]
Сохранение в: «www.deskchan.info/layout/styles/fonts/fontawesome-webfont.eot?»

     0K .......... .......... .......... .......... .......... 72% 2,82M 0s
    50K .......... .........                                  100% 34,3M=0,02s

2019-12-11 12:58:28 (3,79 MB/s) - «www.deskchan.info/layout/styles/fonts/fontawesome-webfont.eot?» сохранён [70807/70807]

--2019-12-11 12:58:28--  https://www.deskchan.info/layout/styles/fonts/fontawesome-webfont.woff2?v=4.5.0
Повторное использование соединения с www.deskchan.info:443.
HTTP-запрос отправлен. Ожидание ответа… 200 OK
Длина: 66624 (65K) [font/woff2]
Сохранение в: «www.deskchan.info/layout/styles/fonts/fontawesome-webfont.woff2?v=4.5.0»

     0K .......... .......... .......... .......... .......... 76% 3,42M 0s
    50K .......... .....                                      100% 90,8M=0,01s

2019-12-11 12:58:29 (4,40 MB/s) - «www.deskchan.info/layout/styles/fonts/fontawesome-webfont.woff2?v=4.5.0» сохранён [66624/66624]

--2019-12-11 12:58:29--  https://www.deskchan.info/layout/styles/fonts/fontawesome-webfont.woff?v=4.5.0
Повторное использование соединения с www.deskchan.info:443.
HTTP-запрос отправлен. Ожидание ответа… 200 OK
Длина: 83588 (82K) [font/woff]
Сохранение в: «www.deskchan.info/layout/styles/fonts/fontawesome-webfont.woff?v=4.5.0»

     0K .......... .......... .......... .......... .......... 61% 2,65M 0s
    50K .......... .......... .......... .                    100% 5,15M=0,02s

2019-12-11 12:58:29 (3,26 MB/s) - «www.deskchan.info/layout/styles/fonts/fontawesome-webfont.woff?v=4.5.0» сохранён [83588/83588]

--2019-12-11 12:58:29--  https://www.deskchan.info/layout/styles/fonts/fontawesome-webfont.ttf?v=4.5.0
Повторное использование соединения с www.deskchan.info:443.
HTTP-запрос отправлен. Ожидание ответа… 200 OK
Длина: 142072 (139K) [application/octet-stream]
Сохранение в: «www.deskchan.info/layout/styles/fonts/fontawesome-webfont.ttf?v=4.5.0»

     0K .......... .......... .......... .......... .......... 36% 3,27M 0s
    50K .......... .......... .......... .......... .......... 72% 2,35M 0s
   100K .......... .......... .......... ........             100% 12,1M=0,04s

2019-12-11 12:58:29 (3,49 MB/s) - «www.deskchan.info/layout/styles/fonts/fontawesome-webfont.ttf?v=4.5.0» сохранён [142072/142072]

--2019-12-11 12:58:29--  https://www.deskchan.info/layout/styles/fonts/fontawesome-webfont.svg?v=4.5.0
Повторное использование соединения с www.deskchan.info:443.
HTTP-запрос отправлен. Ожидание ответа… 200 OK
Длина: 365616 (357K) [image/svg+xml]
Сохранение в: «www.deskchan.info/layout/styles/fonts/fontawesome-webfont.svg?v=4.5.0»

     0K .......... .......... .......... .......... .......... 14% 3,33M 0s
    50K .......... .......... .......... .......... .......... 28% 3,40M 0s
   100K .......... .......... .......... .......... .......... 42% 4,32M 0s
   150K .......... .......... .......... .......... .......... 56% 3,69M 0s
   200K .......... .......... .......... .......... .......... 70% 5,12M 0s
   250K .......... .......... .......... .......... .......... 84% 6,42M 0s
   300K .......... .......... .......... .......... .......... 98% 9,10M 0s
   350K .......                                               100% 6,30M=0,08s

2019-12-11 12:58:29 (4,52 MB/s) - «www.deskchan.info/layout/styles/fonts/fontawesome-webfont.svg?v=4.5.0» сохранён [365616/365616]

ЗАВЕРШЕНО --2019-12-11 12:58:29--
Общее время: 7,1s
Загружено: 29 файлов, 3,2M за 0,8s (3,96 MB/s)
